<?xml version="1.0" encoding="UTF-8"?>
<testsuites name="Mocha Tests" time="12.423" tests="14" failures="0">
  <testsuite name="Root Suite" timestamp="2024-05-22T17:00:52" tests="0" file="cypress/e2e/2-advanced-examples/actions.cy.js" time="0.000" failures="0">
  </testsuite>
  <testsuite name="Actions" timestamp="2024-05-22T17:00:52" tests="14" time="12.416" failures="0">
    <testcase name="Actions .type() - type into a DOM element" time="3.551" classname=".type() - type into a DOM element">
    </testcase>
    <testcase name="Actions .focus() - focus on a DOM element" time="0.117" classname=".focus() - focus on a DOM element">
    </testcase>
    <testcase name="Actions .blur() - blur off a DOM element" time="0.343" classname=".blur() - blur off a DOM element">
    </testcase>
    <testcase name="Actions .clear() - clears an input or textarea element" time="0.454" classname=".clear() - clears an input or textarea element">
    </testcase>
    <testcase name="Actions .submit() - submit a form" time="0.339" classname=".submit() - submit a form">
    </testcase>
    <testcase name="Actions .click() - click on a DOM element" time="1.883" classname=".click() - click on a DOM element">
    </testcase>
    <testcase name="Actions .dblclick() - double click on a DOM element" time="0.145" classname=".dblclick() - double click on a DOM element">
    </testcase>
    <testcase name="Actions .rightclick() - right click on a DOM element" time="0.132" classname=".rightclick() - right click on a DOM element">
    </testcase>
    <testcase name="Actions .check() - check a checkbox or radio element" time="0.719" classname=".check() - check a checkbox or radio element">
    </testcase>
    <testcase name="Actions .uncheck() - uncheck a checkbox element" time="0.735" classname=".uncheck() - uncheck a checkbox element">
    </testcase>
    <testcase name="Actions .select() - select an option in a &lt;select&gt; element" time="0.826" classname=".select() - select an option in a &lt;select&gt; element">
    </testcase>
    <testcase name="Actions .scrollIntoView() - scroll an element into view" time="0.081" classname=".scrollIntoView() - scroll an element into view">
    </testcase>
    <testcase name="Actions .trigger() - trigger an event on a DOM element" time="0.087" classname=".trigger() - trigger an event on a DOM element">
    </testcase>
    <testcase name="Actions cy.scrollTo() - scroll the window or element to a position" time="2.065" classname="cy.scrollTo() - scroll the window or element to a position">
    </testcase>
  </testsuite>
</testsuites>